/*C19*/SET SCHEMA PUBLIC
DELETE FROM ENTIDADE WHERE ID=1
DELETE FROM ENTIDADE WHERE ID=2
DELETE FROM ENTIDADE WHERE ID=3
DELETE FROM ENTIDADE WHERE ID=4
DELETE FROM ENTIDADE WHERE ID=5
DELETE FROM ENTIDADE WHERE ID=6
DELETE FROM ENTIDADE WHERE ID=255
COMMIT
INSERT INTO ENTIDADE VALUES(1,'Nome da Entidade 1','2014-05-01','2015-05-31',1234567,1,'meu@email.com','2014-02-24')
COMMIT
INSERT INTO ENTIDADE VALUES(2,'Alisson da Silva','2014-05-01','2015-05-31',88666113529,1,NULL,'2014-02-23')
COMMIT
INSERT INTO ENTIDADE VALUES(3,'Alisson da Silva','2014-05-01','2015-05-31',88666113529,1,NULL,'2014-02-24')
COMMIT
INSERT INTO ENTIDADE VALUES(4,'Anderson Silva','2014-05-01','2015-05-31',1123435456,1,NULL,'2014-02-24')
COMMIT
INSERT INTO ENTIDADE VALUES(5,'Anderson Marinho','2014-05-01','2015-05-31',1123435456,1,NULL,'2014-02-28')
COMMIT
INSERT INTO ENTIDADE VALUES(6,'Camila Alves','2014-05-01','2015-05-31',33328854720,1,NULL,'2014-02-28')
COMMIT
/*C21*/SET SCHEMA PUBLIC
DELETE FROM ENTIDADE WHERE ID=4
COMMIT
/*C25*/SET SCHEMA PUBLIC
DELETE FROM ENTIDADE WHERE ID=1
DELETE FROM ENTIDADE WHERE ID=2
DELETE FROM ENTIDADE WHERE ID=3
DELETE FROM ENTIDADE WHERE ID=5
DELETE FROM ENTIDADE WHERE ID=6
COMMIT
INSERT INTO ENTIDADE VALUES(1,'Nome da Entidade 1','2014-05-01','2015-05-31',1234567,1,'meu@email.com','2014-02-24')
COMMIT
INSERT INTO ENTIDADE VALUES(2,'Alisson da Silva','2014-05-01','2015-05-31',88666113529,1,NULL,'2014-02-23')
COMMIT
INSERT INTO ENTIDADE VALUES(3,'Alisson da Silva','2014-05-01','2015-05-31',88666113529,1,NULL,'2014-02-24')
COMMIT
INSERT INTO ENTIDADE VALUES(4,'Anderson Silva','2014-05-01','2015-05-31',1123435456,1,NULL,'2014-02-24')
COMMIT
INSERT INTO ENTIDADE VALUES(5,'Anderson Marinho','2014-05-01','2015-05-31',1123435456,1,NULL,'2014-02-28')
COMMIT
INSERT INTO ENTIDADE VALUES(6,'Camila Alves','2014-05-01','2015-05-31',33328854720,1,NULL,'2014-02-28')
COMMIT
/*C28*/SET SCHEMA PUBLIC
DELETE FROM ENTIDADE WHERE ID=5
INSERT INTO ENTIDADE VALUES(5,'Anderson Marinho','2014-05-01','2015-05-31',81888833017,1,'meunovo@email.com','2014-02-24')
COMMIT
/*C36*/SET SCHEMA PUBLIC
DELETE FROM ENTIDADE WHERE ID=5
INSERT INTO ENTIDADE VALUES(5,'Anderson Marinho','2014-05-01','2015-05-31',81888833017,1,'meunovo@email.com','2014-02-24')
COMMIT
/*C47*/SET SCHEMA PUBLIC
DELETE FROM ENTIDADE WHERE ID=5
INSERT INTO ENTIDADE VALUES(5,'Anderson Marinho','2014-05-01','2015-05-31',81888833017,1,'meunovo@email.com','2014-02-24')
COMMIT
/*C52*/SET SCHEMA PUBLIC
DELETE FROM ENTIDADE WHERE ID=1
DELETE FROM ENTIDADE WHERE ID=2
DELETE FROM ENTIDADE WHERE ID=3
DELETE FROM ENTIDADE WHERE ID=4
DELETE FROM ENTIDADE WHERE ID=5
DELETE FROM ENTIDADE WHERE ID=6
COMMIT
INSERT INTO ENTIDADE VALUES(1,'Nome da Entidade 1','2014-05-01','2015-05-31',1234567,1,'meu@email.com','2014-02-24')
COMMIT
INSERT INTO ENTIDADE VALUES(2,'Alisson da Silva','2014-05-01','2015-05-31',88666113529,1,NULL,'2014-02-23')
COMMIT
INSERT INTO ENTIDADE VALUES(3,'Alisson da Silva','2014-05-01','2015-05-31',88666113529,1,NULL,'2014-02-24')
COMMIT
INSERT INTO ENTIDADE VALUES(4,'Anderson Silva','2014-05-01','2015-05-31',1123435456,1,NULL,'2014-02-24')
COMMIT
INSERT INTO ENTIDADE VALUES(5,'Anderson Marinho','2014-05-01','2015-05-31',1123435456,1,NULL,'2014-02-28')
COMMIT
INSERT INTO ENTIDADE VALUES(6,'Camila Alves','2014-05-01','2015-05-31',33328854720,1,NULL,'2014-02-28')
COMMIT
/*C55*/SET SCHEMA PUBLIC
DELETE FROM ENTIDADE WHERE ID=5
INSERT INTO ENTIDADE VALUES(5,'Anderson Marinho','2014-05-01','2015-05-31',81888833017,1,'meunovo@email.com','2014-02-24')
COMMIT
/*C65*/SET SCHEMA PUBLIC
DELETE FROM ENTIDADE WHERE ID=1
DELETE FROM ENTIDADE WHERE ID=2
DELETE FROM ENTIDADE WHERE ID=3
DELETE FROM ENTIDADE WHERE ID=4
DELETE FROM ENTIDADE WHERE ID=5
DELETE FROM ENTIDADE WHERE ID=6
COMMIT
INSERT INTO ENTIDADE VALUES(1,'Nome da Entidade 1','2014-05-01','2015-05-31',1234567,1,'meu@email.com','2014-02-24')
COMMIT
INSERT INTO ENTIDADE VALUES(2,'Alisson da Silva','2014-05-01','2015-05-31',88666113529,1,NULL,'2014-02-23')
COMMIT
INSERT INTO ENTIDADE VALUES(3,'Alisson da Silva','2014-05-01','2015-05-31',88666113529,1,NULL,'2014-02-24')
COMMIT
INSERT INTO ENTIDADE VALUES(4,'Anderson Silva','2014-05-01','2015-05-31',1123435456,1,NULL,'2014-02-24')
COMMIT
INSERT INTO ENTIDADE VALUES(5,'Anderson Marinho','2014-05-01','2015-05-31',1123435456,1,NULL,'2014-02-28')
COMMIT
INSERT INTO ENTIDADE VALUES(6,'Camila Alves','2014-05-01','2015-05-31',33328854720,1,NULL,'2014-02-28')
COMMIT
/*C69*/SET SCHEMA PUBLIC
DELETE FROM ENTIDADE WHERE ID=1
DELETE FROM ENTIDADE WHERE ID=2
DELETE FROM ENTIDADE WHERE ID=3
DELETE FROM ENTIDADE WHERE ID=4
DELETE FROM ENTIDADE WHERE ID=5
DELETE FROM ENTIDADE WHERE ID=6
COMMIT
INSERT INTO ENTIDADE VALUES(1,'Nome da Entidade 1','2014-05-01','2015-05-31',1234567,1,'meu@email.com','2014-02-24')
COMMIT
INSERT INTO ENTIDADE VALUES(2,'Alisson da Silva','2014-05-01','2015-05-31',88666113529,1,NULL,'2014-02-23')
COMMIT
INSERT INTO ENTIDADE VALUES(3,'Alisson da Silva','2014-05-01','2015-05-31',88666113529,1,NULL,'2014-02-24')
COMMIT
INSERT INTO ENTIDADE VALUES(4,'Anderson Silva','2014-05-01','2015-05-31',1123435456,1,NULL,'2014-02-24')
COMMIT
INSERT INTO ENTIDADE VALUES(5,'Anderson Marinho','2014-05-01','2015-05-31',1123435456,1,NULL,'2014-02-28')
COMMIT
INSERT INTO ENTIDADE VALUES(6,'Camila Alves','2014-05-01','2015-05-31',33328854720,1,NULL,'2014-02-28')
COMMIT
/*C73*/SET SCHEMA PUBLIC
DELETE FROM ENTIDADE WHERE ID=1
DELETE FROM ENTIDADE WHERE ID=2
DELETE FROM ENTIDADE WHERE ID=3
DELETE FROM ENTIDADE WHERE ID=4
DELETE FROM ENTIDADE WHERE ID=5
DELETE FROM ENTIDADE WHERE ID=6
COMMIT
INSERT INTO ENTIDADE VALUES(1,'Nome da Entidade 1','2014-05-01','2015-05-31',1234567,1,'meu@email.com','2014-02-24')
COMMIT
INSERT INTO ENTIDADE VALUES(2,'Alisson da Silva','2014-05-01','2015-05-31',88666113529,1,NULL,'2014-02-23')
COMMIT
INSERT INTO ENTIDADE VALUES(3,'Alisson da Silva','2014-05-01','2015-05-31',88666113529,1,NULL,'2014-02-24')
COMMIT
INSERT INTO ENTIDADE VALUES(4,'Anderson Silva','2014-05-01','2015-05-31',1123435456,1,NULL,'2014-02-24')
COMMIT
INSERT INTO ENTIDADE VALUES(5,'Anderson Marinho','2014-05-01','2015-05-31',1123435456,1,NULL,'2014-02-28')
COMMIT
INSERT INTO ENTIDADE VALUES(6,'Camila Alves','2014-05-01','2015-05-31',33328854720,1,NULL,'2014-02-28')
COMMIT
/*C77*/SET SCHEMA PUBLIC
DELETE FROM ENTIDADE WHERE ID=1
DELETE FROM ENTIDADE WHERE ID=2
DELETE FROM ENTIDADE WHERE ID=3
DELETE FROM ENTIDADE WHERE ID=4
DELETE FROM ENTIDADE WHERE ID=5
DELETE FROM ENTIDADE WHERE ID=6
COMMIT
INSERT INTO ENTIDADE VALUES(1,'Nome da Entidade 1','2014-05-01','2015-05-31',1234567,1,'meu@email.com','2014-02-24')
COMMIT
INSERT INTO ENTIDADE VALUES(2,'Alisson da Silva','2014-05-01','2015-05-31',88666113529,1,NULL,'2014-02-23')
COMMIT
INSERT INTO ENTIDADE VALUES(3,'Alisson da Silva','2014-05-01','2015-05-31',88666113529,1,NULL,'2014-02-24')
COMMIT
INSERT INTO ENTIDADE VALUES(4,'Anderson Silva','2014-05-01','2015-05-31',1123435456,1,NULL,'2014-02-24')
COMMIT
INSERT INTO ENTIDADE VALUES(5,'Anderson Marinho','2014-05-01','2015-05-31',1123435456,1,NULL,'2014-02-28')
COMMIT
INSERT INTO ENTIDADE VALUES(6,'Camila Alves','2014-05-01','2015-05-31',33328854720,1,NULL,'2014-02-28')
COMMIT
/*C80*/SET SCHEMA PUBLIC
DELETE FROM ENTIDADE WHERE ID=5
INSERT INTO ENTIDADE VALUES(5,'Anderson Marinho','2014-05-01','2015-05-31',81888833017,1,'meunovo@email.com','2014-02-24')
COMMIT
/*C87*/SET SCHEMA PUBLIC
DELETE FROM ENTIDADE WHERE ID=1
DELETE FROM ENTIDADE WHERE ID=2
DELETE FROM ENTIDADE WHERE ID=3
DELETE FROM ENTIDADE WHERE ID=4
DELETE FROM ENTIDADE WHERE ID=5
DELETE FROM ENTIDADE WHERE ID=6
COMMIT
INSERT INTO ENTIDADE VALUES(1,'Nome da Entidade 1','2014-05-01','2015-05-31',1234567,1,'meu@email.com','2014-02-24')
COMMIT
INSERT INTO ENTIDADE VALUES(2,'Alisson da Silva','2014-05-01','2015-05-31',88666113529,1,NULL,'2014-02-23')
COMMIT
INSERT INTO ENTIDADE VALUES(3,'Alisson da Silva','2014-05-01','2015-05-31',88666113529,1,NULL,'2014-02-24')
COMMIT
INSERT INTO ENTIDADE VALUES(4,'Anderson Silva','2014-05-01','2015-05-31',1123435456,1,NULL,'2014-02-24')
COMMIT
INSERT INTO ENTIDADE VALUES(5,'Anderson Marinho','2014-05-01','2015-05-31',1123435456,1,NULL,'2014-02-28')
COMMIT
INSERT INTO ENTIDADE VALUES(6,'Camila Alves','2014-05-01','2015-05-31',33328854720,1,NULL,'2014-02-28')
COMMIT
/*C90*/SET SCHEMA PUBLIC
DELETE FROM ENTIDADE WHERE ID=5
INSERT INTO ENTIDADE VALUES(5,'Anderson Marinho','2014-05-01','2015-05-31',81888833017,1,'meunovo@email.com','2014-02-24')
COMMIT
/*C98*/SET SCHEMA PUBLIC
DELETE FROM ENTIDADE WHERE ID=5
INSERT INTO ENTIDADE VALUES(5,'Anderson Marinho','2014-05-01','2015-05-31',81888833017,1,'meunovo@email.com','2014-02-24')
COMMIT
/*C108*/SET SCHEMA PUBLIC
INSERT INTO ENTIDADE VALUES(256,'Armando Paiva','2014-06-01','2014-07-01',44792377552,1,NULL,'2014-02-24')
COMMIT
